<?xml version="1.0" encoding="UTF-8"?>
<testng-results skipped="0" failed="0" total="5" passed="5">
  <reporter-output>
  </reporter-output>
  <suite name="Sauce_Demo_Regrassion_Test" duration-ms="25335" started-at="2021-04-21T04:50:51Z" finished-at="2021-04-21T04:51:16Z">
    <groups>
    </groups>
    <test name="Sauce_Demo_Shoping_Regrassion" duration-ms="25335" started-at="2021-04-21T04:50:51Z" finished-at="2021-04-21T04:51:16Z">
      <class name="SausceDemoScripts.SauceDemoShopingTestNG">
        <test-method status="PASS" signature="setupTest()[pri:0, instance:SausceDemoScripts.SauceDemoShopingTestNG@7ac7a4e4]" name="setupTest" is-config="true" duration-ms="4063" started-at="2021-04-21T00:50:51Z" finished-at="2021-04-21T00:50:55Z">
          <reporter-output>
          </reporter-output>
        </test-method> <!-- setupTest -->
        <test-method status="PASS" signature="LoginData()[pri:0, instance:SausceDemoScripts.SauceDemoShopingTestNG@7ac7a4e4]" name="LoginData" duration-ms="3558" started-at="2021-04-21T00:50:55Z" finished-at="2021-04-21T00:50:59Z">
          <reporter-output>
          </reporter-output>
        </test-method> <!-- LoginData -->
        <test-method status="PASS" signature="ScreenShots()[pri:0, instance:SausceDemoScripts.SauceDemoShopingTestNG@7ac7a4e4]" name="ScreenShots" is-config="true" duration-ms="960" started-at="2021-04-21T00:50:59Z" finished-at="2021-04-21T00:51:00Z">
          <reporter-output>
          </reporter-output>
        </test-method> <!-- ScreenShots -->
        <test-method status="PASS" signature="Shopping()[pri:1, instance:SausceDemoScripts.SauceDemoShopingTestNG@7ac7a4e4]" name="Shopping" duration-ms="3919" started-at="2021-04-21T00:51:00Z" finished-at="2021-04-21T00:51:04Z">
          <reporter-output>
          </reporter-output>
        </test-method> <!-- Shopping -->
        <test-method status="PASS" signature="ScreenShots()[pri:0, instance:SausceDemoScripts.SauceDemoShopingTestNG@7ac7a4e4]" name="ScreenShots" is-config="true" duration-ms="870" started-at="2021-04-21T00:51:04Z" finished-at="2021-04-21T00:51:04Z">
          <reporter-output>
          </reporter-output>
        </test-method> <!-- ScreenShots -->
        <test-method status="PASS" signature="ContinueShoping()[pri:2, instance:SausceDemoScripts.SauceDemoShopingTestNG@7ac7a4e4]" name="ContinueShoping" duration-ms="3796" started-at="2021-04-21T00:51:04Z" finished-at="2021-04-21T00:51:08Z">
          <reporter-output>
          </reporter-output>
        </test-method> <!-- ContinueShoping -->
        <test-method status="PASS" signature="ScreenShots()[pri:0, instance:SausceDemoScripts.SauceDemoShopingTestNG@7ac7a4e4]" name="ScreenShots" is-config="true" duration-ms="481" started-at="2021-04-21T00:51:08Z" finished-at="2021-04-21T00:51:09Z">
          <reporter-output>
          </reporter-output>
        </test-method> <!-- ScreenShots -->
        <test-method status="PASS" signature="UserInformation()[pri:3, instance:SausceDemoScripts.SauceDemoShopingTestNG@7ac7a4e4]" name="UserInformation" duration-ms="3723" started-at="2021-04-21T00:51:09Z" finished-at="2021-04-21T00:51:12Z">
          <reporter-output>
          </reporter-output>
        </test-method> <!-- UserInformation -->
        <test-method status="PASS" signature="ScreenShots()[pri:0, instance:SausceDemoScripts.SauceDemoShopingTestNG@7ac7a4e4]" name="ScreenShots" is-config="true" duration-ms="474" started-at="2021-04-21T00:51:12Z" finished-at="2021-04-21T00:51:13Z">
          <reporter-output>
          </reporter-output>
        </test-method> <!-- ScreenShots -->
        <test-method status="PASS" signature="TotalPrice()[pri:4, instance:SausceDemoScripts.SauceDemoShopingTestNG@7ac7a4e4]" name="TotalPrice" duration-ms="1507" started-at="2021-04-21T00:51:13Z" finished-at="2021-04-21T00:51:14Z">
          <reporter-output>
          </reporter-output>
        </test-method> <!-- TotalPrice -->
        <test-method status="PASS" signature="ScreenShots()[pri:0, instance:SausceDemoScripts.SauceDemoShopingTestNG@7ac7a4e4]" name="ScreenShots" is-config="true" duration-ms="969" started-at="2021-04-21T00:51:14Z" finished-at="2021-04-21T00:51:15Z">
          <reporter-output>
          </reporter-output>
        </test-method> <!-- ScreenShots -->
        <test-method status="PASS" signature="endTest()[pri:0, instance:SausceDemoScripts.SauceDemoShopingTestNG@7ac7a4e4]" name="endTest" is-config="true" duration-ms="996" started-at="2021-04-21T00:51:15Z" finished-at="2021-04-21T00:51:16Z">
          <reporter-output>
          </reporter-output>
        </test-method> <!-- endTest -->
      </class> <!-- SausceDemoScripts.SauceDemoShopingTestNG -->
    </test> <!-- Sauce_Demo_Shoping_Regrassion -->
  </suite> <!-- Sauce_Demo_Regrassion_Test -->
</testng-results>
