<?xml version="1.0" encoding="UTF-8"?>
<!-- Generated by org.testng.reporters.JUnitXMLReporter -->
<testsuite hostname="DESKTOP-1E9O627" name="Sauce_Demo_Shoping_Regrassion" tests="5" failures="0" timestamp="21 Apr 2021 04:51:16 GMT" time="25.335" errors="0">
  <testcase name="LoginData" time="3.558" classname="SausceDemoScripts.SauceDemoShopingTestNG"/>
  <testcase name="Shopping" time="3.919" classname="SausceDemoScripts.SauceDemoShopingTestNG"/>
  <testcase name="ContinueShoping" time="3.796" classname="SausceDemoScripts.SauceDemoShopingTestNG"/>
  <testcase name="UserInformation" time="3.723" classname="SausceDemoScripts.SauceDemoShopingTestNG"/>
  <testcase name="TotalPrice" time="1.507" classname="SausceDemoScripts.SauceDemoShopingTestNG"/>
</testsuite> <!-- Sauce_Demo_Shoping_Regrassion -->
