<?xml version="1.0" encoding="UTF-8"?>
<!-- Generated by org.testng.reporters.JUnitXMLReporter -->
<testsuite hostname="DESKTOP-1E9O627" name="Sauce_Demo_Regression" tests="7" failures="0" timestamp="26 Apr 2021 10:22:27 GMT" time="37.41" errors="0">
  <testcase name="LoginData" time="3.619" classname="Multiple_Test_scripts.SauceDemoShopingTestNG"/>
  <testcase name="Shopping" time="3.537" classname="Multiple_Test_scripts.SauceDemoShopingTestNG"/>
  <testcase name="ContinueShoping" time="3.528" classname="Multiple_Test_scripts.SauceDemoShopingTestNG"/>
  <testcase name="UserInformation" time="3.573" classname="Multiple_Test_scripts.SauceDemoShopingTestNG"/>
  <testcase name="TotalPrice" time="1.464" classname="Multiple_Test_scripts.SauceDemoShopingTestNG"/>
  <testcase name="UserId" time="4.515" classname="Multiple_Test_scripts.Validating_positive_negative_Data"/>
  <testcase name="NegativeUserId" time="4.638" classname="Multiple_Test_scripts.Validating_positive_negative_Data"/>
</testsuite> <!-- Sauce_Demo_Regression -->
