<?xml version="1.0" encoding="UTF-8"?>
<!-- Generated by org.testng.reporters.JUnitXMLReporter -->
<testsuite hostname="DESKTOP-1E9O627" name="regression test 2" tests="15" failures="0" timestamp="22 Apr 2021 22:15:38 GMT" time="55.675" errors="0">
  <testcase name="Special" time="2.249" classname="Home_Work_Foure_Scripts.ValidateLink"/>
  <testcase name="NewProducts" time="2.927" classname="Home_Work_Foure_Scripts.ValidateLink"/>
  <testcase name="BestSellers" time="4.108" classname="Home_Work_Foure_Scripts.ValidateLink"/>
  <testcase name="OurStores" time="3.996" classname="Home_Work_Foure_Scripts.ValidateLink"/>
  <testcase name="ContactUs" time="2.729" classname="Home_Work_Foure_Scripts.ValidateLink"/>
  <testcase name="TrmsnCondi" time="2.74" classname="Home_Work_Foure_Scripts.ValidateLink"/>
  <testcase name="AboutUs" time="1.976" classname="Home_Work_Foure_Scripts.ValidateLink"/>
  <testcase name="SiteMap" time="2.085" classname="Home_Work_Foure_Scripts.ValidateLink"/>
  <testcase name="CrAccount" time="0.498" classname="Home_Work_Foure_Scripts.YahoosignupTestNG"/>
  <testcase name="Signup" time="2.506" classname="Home_Work_Foure_Scripts.YahoosignupTestNG"/>
  <testcase name="PhoneNumber" time="0.678" classname="Home_Work_Foure_Scripts.YahoosignupTestNG"/>
  <testcase name="DateofBirth" time="2.181" classname="Home_Work_Foure_Scripts.YahoosignupTestNG"/>
  <testcase name="Signup" time="2.579" classname="Home_Work_Foure_Scripts.YahooTestNG"/>
  <testcase name="PhoneNumber" time="1.796" classname="Home_Work_Foure_Scripts.YahooTestNG"/>
  <testcase name="Dateofbarth" time="1.64" classname="Home_Work_Foure_Scripts.YahooTestNG"/>
</testsuite> <!-- regression test 2 -->
