<?xml version="1.0" encoding="UTF-8"?>
<!-- Generated by org.testng.reporters.JUnitXMLReporter -->
<testsuite hostname="DESKTOP-1E9O627" name="Yahoo_Data_Driven_Test" tests="15" failures="0" timestamp="22 Apr 2021 22:14:42 GMT" time="49.708" errors="0">
  <testcase name="Special" time="1.958" classname="Home_Work_Foure_Scripts.ValidateLink"/>
  <testcase name="NewProducts" time="1.978" classname="Home_Work_Foure_Scripts.ValidateLink"/>
  <testcase name="BestSellers" time="1.888" classname="Home_Work_Foure_Scripts.ValidateLink"/>
  <testcase name="OurStores" time="2.195" classname="Home_Work_Foure_Scripts.ValidateLink"/>
  <testcase name="ContactUs" time="2.027" classname="Home_Work_Foure_Scripts.ValidateLink"/>
  <testcase name="TrmsnCondi" time="1.616" classname="Home_Work_Foure_Scripts.ValidateLink"/>
  <testcase name="AboutUs" time="1.604" classname="Home_Work_Foure_Scripts.ValidateLink"/>
  <testcase name="SiteMap" time="2.037" classname="Home_Work_Foure_Scripts.ValidateLink"/>
  <testcase name="CrAccount" time="0.486" classname="Home_Work_Foure_Scripts.YahoosignupTestNG"/>
  <testcase name="Signup" time="2.621" classname="Home_Work_Foure_Scripts.YahoosignupTestNG"/>
  <testcase name="PhoneNumber" time="0.823" classname="Home_Work_Foure_Scripts.YahoosignupTestNG"/>
  <testcase name="DateofBirth" time="2.034" classname="Home_Work_Foure_Scripts.YahoosignupTestNG"/>
  <testcase name="Signup" time="2.533" classname="Home_Work_Foure_Scripts.YahooTestNG"/>
  <testcase name="PhoneNumber" time="1.805" classname="Home_Work_Foure_Scripts.YahooTestNG"/>
  <testcase name="Dateofbarth" time="1.687" classname="Home_Work_Foure_Scripts.YahooTestNG"/>
</testsuite> <!-- Yahoo_Data_Driven_Test -->
